<?xml version="1.0" encoding="UTF-8"?>
<!-- Generated by org.testng.reporters.JUnitXMLReporter -->
<testsuite ignored="4" hostname="HI" failures="0" tests="1" name="Default test" time="6.094" errors="0" timestamp="2023-10-04T12:25:56 IST">
  <testcase classname="Search.SearchingForProducts" name="verify_Designer_SalePrice_And_RetailPrice" time="6.012"/>
  <testcase classname="Search.SearchingForProducts" name="basedOnSKU" time="0.0">
    <ignored/>
  </testcase> <!-- basedOnSKU -->
  <testcase classname="Search.SearchingForProducts" name="basedOnProductName" time="0.0">
    <ignored/>
  </testcase> <!-- basedOnProductName -->
  <testcase classname="Search.SearchingForProducts" name="verifyEMIIsAvailable" time="0.0">
    <ignored/>
  </testcase> <!-- verifyEMIIsAvailable -->
  <testcase classname="Search.SearchingForProducts" name="verifyWhetherSoldOutOrNot" time="0.0">
    <ignored/>
  </testcase> <!-- verifyWhetherSoldOutOrNot -->
</testsuite> <!-- Default test -->
