<?xml version="1.0" encoding="UTF-8"?>
<!-- Generated by org.testng.reporters.JUnitXMLReporter -->
<testsuite ignored="2" hostname="HI" failures="0" tests="2" name="Test" time="18.105" errors="0" timestamp="2023-10-03T14:12:21 IST">
  <testcase classname="ProductsBasedCategory.Products" name="categoryNamesChecking" time="15.066"/>
  <testcase classname="Search.SearchingForProducts" name="basedOnProductName" time="2.967"/>
  <testcase classname="BasicDetails.Basic" name="@AfterSuite quit" time="0.0">
    <ignored/>
  </testcase> <!-- @AfterSuite quit -->
  <testcase classname="BasicDetails.Basic" name="@BeforeSuite setup" time="0.0">
    <ignored/>
  </testcase> <!-- @BeforeSuite setup -->
</testsuite> <!-- Test -->
