<?xml version="1.0" encoding="UTF-8"?>
<testng-results ignored="4" total="5" passed="1" failed="0" skipped="0">
  <reporter-output>
  </reporter-output>
  <suite started-at="2023-10-04T12:25:49 IST" name="Default suite" finished-at="2023-10-04T12:25:56 IST" duration-ms="6094">
    <groups>
    </groups>
    <test started-at="2023-10-04T12:25:49 IST" name="Default test" finished-at="2023-10-04T12:25:56 IST" duration-ms="6094">
      <class name="Search.SearchingForProducts">
        <test-method is-config="true" signature="setup()[pri:0, instance:Search.SearchingForProducts@496bc455]" started-at="2023-10-04T12:25:39 IST" name="setup" finished-at="2023-10-04T12:25:49 IST" duration-ms="10630" status="PASS">
          <reporter-output>
          </reporter-output>
        </test-method> <!-- setup -->
        <test-method signature="verify_Designer_SalePrice_And_RetailPrice()[pri:0, instance:Search.SearchingForProducts@496bc455]" started-at="2023-10-04T12:25:50 IST" name="verify_Designer_SalePrice_And_RetailPrice" finished-at="2023-10-04T12:25:56 IST" duration-ms="6012" status="PASS">
          <reporter-output>
          </reporter-output>
        </test-method> <!-- verify_Designer_SalePrice_And_RetailPrice -->
        <test-method is-config="true" signature="quit()[pri:0, instance:Search.SearchingForProducts@496bc455]" started-at="2023-10-04T12:25:56 IST" name="quit" finished-at="2023-10-04T12:25:58 IST" duration-ms="2385" status="PASS">
          <reporter-output>
          </reporter-output>
        </test-method> <!-- quit -->
      </class> <!-- Search.SearchingForProducts -->
    </test> <!-- Default test -->
  </suite> <!-- Default suite -->
</testng-results>
